<?xml version="1.0" encoding="UTF-8"?>
<testng-results skipped="0" failed="0" ignored="0" total="1" passed="1">
  <reporter-output>
  </reporter-output>
  <suite name="Default suite" duration-ms="1583" started-at="2022-08-27T13:29:17 CEST" finished-at="2022-08-27T13:29:19 CEST">
    <groups>
    </groups>
    <test name="Default test" duration-ms="1583" started-at="2022-08-27T13:29:17 CEST" finished-at="2022-08-27T13:29:19 CEST">
      <class name="test.users.SearchUsersTest">
        <test-method status="PASS" signature="verifySearchUserStatusCode()[pri:0, instance:test.users.SearchUsersTest@1e965684]" name="verifySearchUserStatusCode" duration-ms="1546" started-at="2022-08-27T13:29:17 CEST" finished-at="2022-08-27T13:29:19 CEST">
          <reporter-output>
          </reporter-output>
        </test-method> <!-- verifySearchUserStatusCode -->
      </class> <!-- test.users.SearchUsersTest -->
    </test> <!-- Default test -->
  </suite> <!-- Default suite -->
</testng-results>
