<?xml version="1.0" encoding="UTF-8"?>
<testng-results skipped="0" failed="0" ignored="0" total="2" passed="2">
  <reporter-output>
  </reporter-output>
  <suite name="Default suite" duration-ms="30711" started-at="2022-08-27T12:17:55 CEST" finished-at="2022-08-27T12:18:25 CEST">
    <groups>
    </groups>
    <test name="Default test" duration-ms="30711" started-at="2022-08-27T12:17:55 CEST" finished-at="2022-08-27T12:18:25 CEST">
      <class name="test.users.SearchUsers">
        <test-method status="PASS" signature="verifySearchUser()[pri:0, instance:test.users.SearchUsers@5a1c0542]" name="verifySearchUser" duration-ms="11124" started-at="2022-08-27T12:17:55 CEST" finished-at="2022-08-27T12:18:06 CEST">
          <reporter-output>
          </reporter-output>
        </test-method> <!-- verifySearchUser -->
        <test-method status="PASS" signature="verifySpecificUser()[pri:0, instance:test.users.SearchUsers@5a1c0542]" name="verifySpecificUser" duration-ms="19342" started-at="2022-08-27T12:18:06 CEST" finished-at="2022-08-27T12:18:25 CEST">
          <reporter-output>
          </reporter-output>
        </test-method> <!-- verifySpecificUser -->
      </class> <!-- test.users.SearchUsers -->
    </test> <!-- Default test -->
  </suite> <!-- Default suite -->
</testng-results>
